<?xml version="1.0" encoding="UTF-8"?>
<!-- Generated by org.testng.reporters.JUnitXMLReporter -->
<testsuite hostname="LAPTOP-34BM27NO" ignored="0" name="Default test" tests="3" failures="0" timestamp="08 Jun 2021 18:51:46 GMT" time="72.243" errors="0">
  <testcase name="testAddingNewEmployee" time="11.675" classname="tests.TestStaffPage"/>
  <testcase name="testChangeNameEmployee" time="9.68" classname="tests.TestStaffPage"/>
  <testcase name="testUploadPic" time="45.075" classname="tests.TestStaffPage"/>
</testsuite> <!-- Default test -->
