<?xml version="1.0" encoding="UTF-8"?>
<testng-results skipped="0" failed="0" ignored="0" total="3" passed="3">
  <reporter-output>
  </reporter-output>
  <suite name="Default suite" duration-ms="72243" started-at="2021-06-08T18:50:34Z" finished-at="2021-06-08T18:51:46Z">
    <groups>
    </groups>
    <test name="Default test" duration-ms="72243" started-at="2021-06-08T18:50:34Z" finished-at="2021-06-08T18:51:46Z">
      <class name="tests.TestStaffPage">
        <test-method status="PASS" signature="createDriver()[pri:0, instance:tests.TestStaffPage@91161c7]" name="createDriver" is-config="true" duration-ms="4387" started-at="2021-06-08T18:50:34Z" finished-at="2021-06-08T18:50:38Z">
          <reporter-output>
          </reporter-output>
        </test-method> <!-- createDriver -->
        <test-method status="PASS" signature="setDriver()[pri:0, instance:tests.TestStaffPage@91161c7]" name="setDriver" is-config="true" duration-ms="298" started-at="2021-06-08T18:50:38Z" finished-at="2021-06-08T18:50:38Z">
          <reporter-output>
          </reporter-output>
        </test-method> <!-- setDriver -->
        <test-method status="PASS" signature="testAddingNewEmployee()[pri:1, instance:tests.TestStaffPage@91161c7]" name="testAddingNewEmployee" duration-ms="11675" started-at="2021-06-08T18:50:38Z" finished-at="2021-06-08T18:50:50Z">
          <reporter-output>
          </reporter-output>
        </test-method> <!-- testAddingNewEmployee -->
        <test-method status="PASS" signature="setDriver()[pri:0, instance:tests.TestStaffPage@91161c7]" name="setDriver" is-config="true" duration-ms="45" started-at="2021-06-08T18:50:50Z" finished-at="2021-06-08T18:50:50Z">
          <reporter-output>
          </reporter-output>
        </test-method> <!-- setDriver -->
        <test-method status="PASS" signature="testChangeNameEmployee()[pri:2, instance:tests.TestStaffPage@91161c7]" name="testChangeNameEmployee" duration-ms="9680" started-at="2021-06-08T18:50:50Z" finished-at="2021-06-08T18:51:00Z">
          <reporter-output>
          </reporter-output>
        </test-method> <!-- testChangeNameEmployee -->
        <test-method status="PASS" signature="setDriver()[pri:0, instance:tests.TestStaffPage@91161c7]" name="setDriver" is-config="true" duration-ms="33" started-at="2021-06-08T18:51:00Z" finished-at="2021-06-08T18:51:00Z">
          <reporter-output>
          </reporter-output>
        </test-method> <!-- setDriver -->
        <test-method status="PASS" signature="testUploadPic()[pri:3, instance:tests.TestStaffPage@91161c7]" name="testUploadPic" duration-ms="45075" started-at="2021-06-08T18:51:00Z" finished-at="2021-06-08T18:51:45Z">
          <reporter-output>
          </reporter-output>
        </test-method> <!-- testUploadPic -->
        <test-method status="PASS" signature="closeDriver()[pri:0, instance:tests.TestStaffPage@91161c7]" name="closeDriver" is-config="true" duration-ms="987" started-at="2021-06-08T18:51:45Z" finished-at="2021-06-08T18:51:46Z">
          <reporter-output>
          </reporter-output>
        </test-method> <!-- closeDriver -->
      </class> <!-- tests.TestStaffPage -->
    </test> <!-- Default test -->
  </suite> <!-- Default suite -->
</testng-results>
